<?xml version="1.0" encoding="UTF-8"?>
<!-- Generated by org.testng.reporters.JUnitReportReporter -->
<testsuite hostname="DESKTOP-6H27MJG" failures="0" tests="1" name="TESTNG.flipkart_pom.Flipkart_demo" time="0.017" errors="0" timestamp="2024-12-28T11:42:56 IST" skipped="0">
  <testcase classname="TESTNG.flipkart_pom.Flipkart_demo" name="setup" time="0.017"/>
  <system-out/>
</testsuite> <!-- TESTNG.flipkart_pom.Flipkart_demo -->
