<?xml version="1.0" encoding="UTF-8"?>
<!-- Generated by org.testng.reporters.JUnitReportReporter -->
<testsuite hostname="DESKTOP-6H27MJG" failures="0" tests="1" name="TestRunner.FlipkartTest" time="48.400" errors="0" timestamp="2024-12-30T13:52:36 IST" skipped="0">
  <testcase classname="TestRunner.FlipkartTest" name="test" time="48.400"/>
  <system-out/>
</testsuite> <!-- TestRunner.FlipkartTest -->
