<?xml version="1.0" encoding="UTF-8"?>
<!-- Generated by org.testng.reporters.JUnitReportReporter -->
<testsuite hostname="DESKTOP-6H27MJG" failures="0" tests="1" name="BaseClass.libraryClass" time="4.131" errors="0" timestamp="2024-12-28T11:53:48 IST" skipped="0">
  <testcase classname="BaseClass.libraryClass" name="setup" time="4.131"/>
  <system-out/>
</testsuite> <!-- BaseClass.libraryClass -->
